{
  "RSpec": {
    "coverage": {
      "/src/config/environment.rb": {
        "lines": [
          null,
          null,
          1,
          null,
          1,
          1
        ]
      },
      "/src/server.rb": {
        "lines": [
          null,
          null,
          1,
          1,
          1,
          1,
          1,
          1,
          7,
          1,
          1,
          1,
          null,
          null,
          1,
          null,
          1,
          1,
          1,
          null,
          1,
          1,
          1,
          null,
          1,
          1,
          1,
          null,
          null,
          null,
          1,
          1,
          null,
          null,
          null,
          1,
          1,
          null,
          1,
          1,
          43,
          null,
          1,
          1,
          null,
          1,
          1,
          1,
          null,
          null,
          1,
          1,
          1,
          184,
          null,
          null,
          null,
          null,
          1,
          4,
          4,
          4,
          2,
          null,
          2,
          null,
          null,
          null,
          2,
          2,
          null,
          null,
          null,
          1,
          43,
          null,
          null,
          1,
          8,
          8,
          8,
          8,
          24,
          24,
          24,
          80,
          80,
          null,
          24,
          null,
          null,
          null,
          1,
          6,
          6,
          30,
          30,
          null,
          null,
          null,
          1,
          32,
          32,
          31,
          31,
          null,
          1,
          null,
          null,
          null,
          1,
          null,
          9,
          8,
          8,
          null,
          null,
          1,
          null,
          null,
          null,
          1,
          6,
          1,
          null,
          5,
          null,
          null,
          null,
          1,
          2,
          1,
          null,
          1,
          null,
          null,
          null,
          1,
          3,
          1,
          null,
          2,
          null,
          null,
          null,
          1,
          16,
          15,
          15,
          15,
          null,
          15,
          15,
          null,
          1,
          null,
          null,
          null,
          1,
          1,
          1,
          null,
          null,
          null,
          1,
          4,
          4,
          4,
          4,
          4,
          null,
          4,
          3,
          3,
          null,
          null,
          4,
          4,
          1,
          null,
          3,
          null,
          null,
          null,
          1,
          12,
          11,
          11,
          11,
          null,
          1,
          null,
          null,
          null,
          1,
          2,
          2,
          2,
          2,
          1,
          null,
          1,
          null,
          null,
          null,
          1,
          1,
          null,
          null,
          null,
          null,
          null,
          1,
          null,
          null
        ]
      },
      "/src/models/card.rb": {
        "lines": [
          null,
          null,
          1,
          1,
          1,
          1,
          null
        ]
      },
      "/src/models/init.rb": {
        "lines": [
          null,
          null,
          1,
          1,
          1,
          1
        ]
      },
      "/src/models/user.rb": {
        "lines": [
          null,
          null,
          1,
          1,
          null,
          1,
          1,
          1,
          null,
          1,
          null,
          1,
          1,
          35,
          null,
          null
        ]
      },
      "/src/models/question.rb": {
        "lines": [
          null,
          null,
          1,
          1,
          1,
          1,
          1,
          1,
          1,
          null
        ]
      },
      "/src/models/modules.rb": {
        "lines": [
          null,
          null,
          1,
          1,
          null
        ]
      },
      "/src/models/response.rb": {
        "lines": [
          null,
          null,
          1,
          1,
          1,
          null
        ]
      },
      "/src/db/info_loaders/add_game_info.rb": {
        "lines": [
          1,
          1,
          1,
          1,
          1,
          null,
          null,
          1,
          null,
          null,
          null,
          null,
          1,
          1,
          1,
          10,
          10,
          10,
          10,
          null,
          null,
          null,
          1,
          1,
          1,
          10,
          10,
          10,
          10,
          10,
          null,
          null,
          null,
          1,
          1,
          1,
          3,
          3,
          null,
          null,
          null,
          1,
          1,
          1
        ]
      },
      "/src/spec/app_spec.rb": {
        "lines": [
          null,
          null,
          1,
          1,
          1,
          1,
          null,
          1,
          1,
          null,
          1,
          10,
          null,
          null,
          1,
          1,
          null,
          null,
          null,
          null,
          null,
          1,
          3,
          3,
          3,
          null,
          null,
          null,
          1,
          1,
          1,
          1,
          null,
          null,
          1,
          1,
          1,
          1,
          null,
          null,
          1,
          1,
          1,
          1,
          null,
          null,
          null,
          1,
          1,
          4,
          4,
          null,
          null,
          1,
          4,
          4,
          4,
          null,
          null,
          1,
          1,
          1,
          null,
          null,
          1,
          1,
          1,
          1,
          null,
          null,
          1,
          1,
          1,
          1,
          null,
          null,
          1,
          1,
          1,
          1,
          null,
          null,
          null
        ]
      },
      "/src/spec/factories.rb": {
        "lines": [
          null,
          null,
          null,
          1,
          1,
          null,
          1,
          1,
          37,
          37,
          37,
          null,
          null,
          null,
          1,
          1,
          1,
          1,
          1,
          1,
          null,
          null
        ]
      },
      "/src/spec/game_controller_app_spec.rb": {
        "lines": [
          null,
          null,
          1,
          1,
          1,
          1,
          null,
          1,
          1,
          null,
          1,
          28,
          null,
          null,
          1,
          1,
          1,
          10,
          10,
          null,
          null,
          1,
          1,
          3,
          3,
          10,
          10,
          10,
          null,
          null,
          null,
          1,
          10,
          10,
          null,
          null,
          null,
          1,
          1,
          1,
          1,
          1,
          null,
          null,
          null,
          null,
          1,
          1,
          1,
          10,
          10,
          null,
          null,
          1,
          1,
          3,
          3,
          10,
          10,
          10,
          null,
          null,
          null,
          1,
          10,
          10,
          null,
          null,
          null,
          1,
          1,
          1,
          1,
          1,
          null,
          null,
          null,
          null,
          1,
          1,
          4,
          4,
          4,
          null,
          null,
          1,
          4,
          4,
          null,
          null,
          1,
          1,
          null,
          1,
          1,
          null,
          null,
          1,
          1,
          1,
          1,
          null,
          null,
          1,
          1,
          1,
          1,
          null,
          null,
          1,
          1,
          1,
          1,
          null,
          null,
          null,
          1,
          1,
          2,
          2,
          null,
          null,
          1,
          2,
          2,
          null,
          null,
          1,
          1,
          1,
          1,
          null,
          null,
          1,
          1,
          1,
          1,
          null,
          null,
          null
        ]
      },
      "/src/spec/models/question_spec.rb": {
        "lines": [
          null,
          null,
          null,
          null,
          1,
          null,
          1,
          1,
          1,
          null,
          1,
          null,
          1,
          1,
          null,
          null,
          1,
          1,
          null,
          null,
          1,
          1,
          null,
          null,
          1,
          1,
          null,
          null,
          1,
          1,
          null,
          null,
          1,
          1,
          null,
          null,
          1,
          1,
          1,
          null,
          null,
          null
        ]
      },
      "/src/spec/models/user_spec.rb": {
        "lines": [
          null,
          null,
          1,
          null,
          1,
          1,
          1,
          1,
          1,
          null,
          null,
          1,
          1,
          null,
          1,
          null,
          1,
          null,
          null,
          null
        ]
      },
      "/src/spec/user_controller_app_spec.rb": {
        "lines": [
          null,
          null,
          1,
          1,
          1,
          1,
          null,
          1,
          null,
          1,
          null,
          1,
          6,
          null,
          null,
          1,
          1,
          1,
          2,
          2,
          null,
          null,
          1,
          2,
          2,
          2,
          null,
          null,
          1,
          1,
          1,
          null,
          null,
          1,
          1,
          1,
          null,
          null,
          null,
          1,
          1,
          2,
          2,
          null,
          null,
          1,
          2,
          2,
          2,
          null,
          null,
          1,
          1,
          1,
          null,
          null,
          1,
          1,
          null,
          null,
          null,
          null,
          1,
          1,
          1,
          1,
          1,
          null,
          null,
          1,
          1,
          1,
          1,
          null,
          null,
          1,
          1,
          1,
          null,
          null,
          null,
          1,
          1,
          1,
          1,
          null,
          null,
          1,
          1,
          null,
          null,
          null,
          null
        ]
      }
    },
    "timestamp": 1699032720
  }
}
